1
 
 
 
 
                                                             
                 Copyright 2020 Siemens Product Lifecycle    
                        Management Software Inc.             
                         All Rights Reserved.                
                                                             
               This software and related documentation are   
                 proprietary to Siemens Product Lifecycle    
                        Management Software Inc.             
                                                             
              Siemens and the Siemens logo are registered    
           trademarks of Siemens AG. Simcenter is a trademark
              or registered trademark of Siemens Product     
               Lifecycle Management Software Inc. or its     
             subsidiaries in the United States and in other  
             countries.  NASTRAN is a registered trademark   
                 of the National Aeronautics and Space       
                 Administration.  All other trademarks,      
              registered trademarks or service marks belong  
                      to their respective holders.           
                                                             
           LIMITATIONS TO U.S. GOVERNMENT RIGHTS. UNPUBLISHED
           - RIGHTS RESERVED UNDER THE COPYRIGHT LAWS OF THE 
            UNITED STATES. This computer software and related
               computer software documentation have been     
            developed exclusively at private expense and are 
           provided subject to the following rights:  If this
               computer software and computer  software      
            documentation qualify as "commercial items" (as  
             that term is defined in FAR 2.101), their use,  
            duplication or disclosure by the U.S. Government 
           is subject to the protections and restrictions as 
            set forth in the Siemens commercial license for  
            software and/or documentation, as prescribed in  
           FAR 12.212 and FAR 27.405(b)(2)(i) (for civilian  
             agencies) and in DFARS 227.7202-1(a) and DFARS  
           227.7202-3(a) (for the Department of Defense), or 
           any successor or similar regulation, as applicable
           or as amended from time to time.  If this computer
           software and computer documentation do not qualify
            as "commercial items", then they are "restricted 
           computer software" and are provided with "restric-
            tive rights", and their use, duplication or dis- 
            closure by the U.S. Government is subject to the 
            protections and restrictions as set forth in FAR 
           27.404(b) and FAR 52-227-14 (for civilian agencies
           ), and DFARS 227.7203-5(c) and DFARS 252.227-7014 
           (for the Department of Defense), or any successor 
           or similar regulation, as applicable or as amended
              from time to time.  Siemens PLM Software Inc.  
            5800 Granite Parkway, Suite 600, Plano, TX 75024 

                * * * * * * * * * * * * * * * * * * * *
                * * * * * * * * * * * * * * * * * * * *
                * *                                 * *
                * *                                 * *
                * *                                 * *
                * *                                 * *
                * *     Simcenter Nastran 2020.1    * *
                * *                                 * *
                * *       VERSION - 1915.0004       * *
                * *                                 * *
                * *          MAR 12, 2020           * *
                * *                                 * *
                * *                                 * *
                * *AMD64 Family 23 Model 113 Steppi * *
                * *                                 * *
                * *MODEL AMD Ryzen 7 3800X 8-Core P * *
                * *                                 * *
                * *           Windows 10            * *
                * *                                 * *
                * *       Compiled for X86-64       * *
                * *                                 * *
                * * * * * * * * * * * * * * * * * * * *
                * * * * * * * * * * * * * * * * * * * *
1 
  
                      Welcome to Simcenter Nastran
                      ----------------------------
  
  
 This "news" information can be turned off by setting "news=no" in the runtime
 configuration (RC) file.  The "news" keyword can be set in the system RC file
 for global, or multi-user control, and in a local file for local control.
 Individual jobs can be controlled by setting news to yes or no on the command
 line.
1                                                                          FEBRUARY  24, 2024  SIMCENTER NASTRAN  3/12/20   PAGE     1
                                                                                                                                    
0        N A S T R A N    F I L E    A N D    S Y S T E M    P A R A M E T E R    E C H O                                           
0                                                                                                                                   
                                                                                                                                    
                                                                                                                                    
     NASTRAN BUFFSIZE=32769 $(C:/PROGRA|1/SIEMENS/FEMAP2|1.2ST/NASTRAN/CONF/NASTRAN.R
     NASTRAN BUFFPOOL=5872                                                           
     NASTRAN DIAGA=128 DIAGB=0 $(C:/PROGRA|1/SIEMENS/FEMAP2|1.2ST/NASTRAN/CONF/NASTRA
     NASTRAN REAL=2137260032 $(MEMORY LIMIT FOR MPI AND OTHER SPECIALIZED MODULES)   
     INIT MASTER(S)                                                                  
     NASTRAN SYSTEM(442)=-1,SYSTEM(319)=1                                            
1                                                                          FEBRUARY  24, 2024  SIMCENTER NASTRAN  3/12/20   PAGE     2
                                                                                                                                    
0        N A S T R A N    E X E C U T I V E    C O N T R O L    E C H O                                                             
0                                                                                                                                   
                                                                                                                                    
                                                                                                                                    
     ID CASES1,FEMAP                                                                         
     SOL SEBUCKL                                                                             
     GEOMCHECK, NONE                                                                         
     CEND                                                                                    
1    SOL105                                                                FEBRUARY  24, 2024  SIMCENTER NASTRAN  3/12/20   PAGE     3
                                                                                                                                    
0                                                                                                                                   
0                                        C A S E    C O N T R O L    E C H O                                                        
                 COMMAND                                                                                                            
                 COUNT                                                                                                              
                  1        TITLE = SOL105                                                                        
                  2        ECHO = NONE                                                                           
                  3        DISPLACEMENT(PLOT) = ALL                                                              
                  4        SPCFORCE(PLOT) = ALL                                                                  
                  5        STRESS(PLOT,CORNER) = ALL                                                             
                  6        SPC = 1                                                                               
                  7      SUBCASE 1                                                                               
                  8        LOAD = 1                                                                              
                  9      SUBCASE 2                                                                               
                 10        LABEL = BUCKLING CASE                                                                 
                 11        METHOD = 1                                                                            
                 12        STATSUB(BUCKLING) = 1                                                                 
                 13      BEGIN BULK                                                                              
0                             INPUT BULK DATA ENTRY COUNT =         994
0                       TOTAL COUNT=       981


                                        M O D E L   S U M M A R Y

                                   NUMBER OF GRID     POINTS   =      441
 
 
                                   NUMBER OF CQUAD4   ELEMENTS =      400
 
1    SOL105                                                                FEBRUARY  24, 2024  SIMCENTER NASTRAN  3/12/20   PAGE     4
                                                                                                                                    
0                                                                                                                                   
 *** USER INFORMATION MESSAGE 4109 (OUTPBN2)
     THE LABEL IS NX2020.1 FOR FORTRAN UNIT 12
     (MAXIMUM SIZE OF FORTRAN RECORDS WRITTEN =        7 WORDS.)
     (NUMBER OF FORTRAN RECORDS WRITTEN =        8 RECORDS.)
     (TOTAL DATA WRITTEN FOR TAPE LABEL =       17 WORDS.)
 *** USER INFORMATION MESSAGE 4114 (OUTPBN2)
     DATA BLOCK PVT0     WRITTEN ON FORTRAN UNIT  12, TRL =
                    101                27                 0                 0                 0                 0                 0
     (MAXIMUM POSSIBLE FORTRAN RECORD SIZE =    65538 WORDS.)
     (MAXIMUM SIZE OF FORTRAN RECORDS WRITTEN =       27 WORDS.)
     (NUMBER OF FORTRAN RECORDS WRITTEN =       19 RECORDS.)
     (TOTAL DATA WRITTEN FOR DATA BLOCK =       53 WORDS.)
 *** USER INFORMATION MESSAGE 4114 (OUTPBN2)
     DATA BLOCK CASECC   WRITTEN ON FORTRAN UNIT  12, TRL =
                    101                 2                 0              1200                 0                 0                 0
     (MAXIMUM POSSIBLE FORTRAN RECORD SIZE =    65538 WORDS.)
     (MAXIMUM SIZE OF FORTRAN RECORDS WRITTEN =     1200 WORDS.)
     (NUMBER OF FORTRAN RECORDS WRITTEN =       24 RECORDS.)
     (TOTAL DATA WRITTEN FOR DATA BLOCK =     2430 WORDS.)
 *** USER INFORMATION MESSAGE 4114 (OUTPBN2)
     DATA BLOCK EQEXINS  WRITTEN ON FORTRAN UNIT  12, TRL =
                    101               441                 0                 0                 0                 0                 0
     (MAXIMUM POSSIBLE FORTRAN RECORD SIZE =    65538 WORDS.)
     (MAXIMUM SIZE OF FORTRAN RECORDS WRITTEN =      882 WORDS.)
     (NUMBER OF FORTRAN RECORDS WRITTEN =       24 RECORDS.)
     (TOTAL DATA WRITTEN FOR DATA BLOCK =     1794 WORDS.)
1    SOL105                                                                FEBRUARY  24, 2024  SIMCENTER NASTRAN  3/12/20   PAGE     5
                                                                                                                                    
0                                                                                                                                   
0 RESULTANTS ABOUT ORIGIN OF SUPERELEMENT BASIC COORDINATE SYSTEM IN SUPERELEMENT BASIC SYSTEM COORDINATES.

0                                                  OLOAD    RESULTANT       
  SUBCASE/    LOAD
  DAREA ID    TYPE       T1            T2            T3            R1            R2            R3
0        1     FX   -1.000000E+02     ----          ----          ----       0.000000E+00  5.000000E+03                             
               FY       ----      -5.000000E+01     ----       0.000000E+00     ----      -2.500000E+03                             
               FZ       ----          ----       0.000000E+00  0.000000E+00  0.000000E+00     ----                                  
               MX       ----          ----          ----       0.000000E+00     ----          ----                                  
               MY       ----          ----          ----          ----       0.000000E+00     ----                                  
               MZ       ----          ----          ----          ----          ----       0.000000E+00                             
             TOTALS -1.000000E+02 -5.000000E+01  0.000000E+00  0.000000E+00  0.000000E+00  2.500000E+03                             
1    SOL105                                                                FEBRUARY  24, 2024  SIMCENTER NASTRAN  3/12/20   PAGE     6
                                                                                                                                    
0                                                                                                                                   
0 RESULTANTS ABOUT ORIGIN OF SUPERELEMENT BASIC COORDINATE SYSTEM IN SUPERELEMENT BASIC SYSTEM COORDINATES.

0                                                  OLOAD    RESULTANT       
  SUBCASE/    LOAD
  DAREA ID    TYPE       T1            T2            T3            R1            R2            R3
0        2     FX    0.000000E+00     ----          ----          ----       0.000000E+00  0.000000E+00                             
               FY       ----       0.000000E+00     ----       0.000000E+00     ----       0.000000E+00                             
               FZ       ----          ----       0.000000E+00  0.000000E+00  0.000000E+00     ----                                  
               MX       ----          ----          ----       0.000000E+00     ----          ----                                  
               MY       ----          ----          ----          ----       0.000000E+00     ----                                  
               MZ       ----          ----          ----          ----          ----       0.000000E+00                             
             TOTALS  0.000000E+00  0.000000E+00  0.000000E+00  0.000000E+00  0.000000E+00  0.000000E+00                             
 *** USER INFORMATION MESSAGE - SINGULARITIES FOUND USING EIGENVALUE METHOD
 ***       0 SINGULARITIES FOUND         0 SINGULARITIES ELIMINATED
 *** SYSTEM INFORMATION MESSAGE 6916 (DFMSYN)
     DECOMP ORDERING METHOD CHOSEN: DEFAULT, ORDERING METHOD USED: MMD
1    SOL105                                                                FEBRUARY  24, 2024  SIMCENTER NASTRAN  3/12/20   PAGE     7
                                                                                                                                    
0                                                                                                            SUBCASE 1              
 *** USER INFORMATION MESSAGE 5293 (SSG3A)
    FOR DATA BLOCK KLL     
    LOAD SEQ. NO.             EPSILON              EXTERNAL WORK      EPSILONS LARGER THAN 0.001 ARE FLAGGED WITH ASTERISKS
    User information:
    One line of output is printed for each static loading condition.
    Small values of EPSILON are due to accumulated round-off error. Large
    values of EPSILON indicate possible singularities in the stiffness
    matrix.  See Section 9.5.1.
                1         -3.3829865E-18          1.3098389E-01
1    SOL105                                                                FEBRUARY  24, 2024  SIMCENTER NASTRAN  3/12/20   PAGE     8
                                                                                                                                    
0                                                                                                                                   
0 RESULTANTS ABOUT ORIGIN OF SUPERELEMENT BASIC COORDINATE SYSTEM IN SUPERELEMENT BASIC SYSTEM COORDINATES.

0                                                  SPCFORCE RESULTANT       
  SUBCASE/    LOAD
  DAREA ID    TYPE       T1            T2            T3            R1            R2            R3
0        1     FX    1.000000E+02     ----          ----          ----       0.000000E+00 -5.000000E+03                             
               FY       ----       5.000000E+01     ----       0.000000E+00     ----       2.500000E+03                             
               FZ       ----          ----       0.000000E+00  0.000000E+00  0.000000E+00     ----                                  
               MX       ----          ----          ----       0.000000E+00     ----          ----                                  
               MY       ----          ----          ----          ----       0.000000E+00     ----                                  
               MZ       ----          ----          ----          ----          ----       0.000000E+00                             
             TOTALS  1.000000E+02  5.000000E+01  0.000000E+00  0.000000E+00  0.000000E+00 -2.500000E+03                             
 *** USER INFORMATION MESSAGE 4114 (OUTPBN2)
     DATA BLOCK OQG1     WRITTEN ON FORTRAN UNIT  12, TRL =
                    101                 0              3528                24                24                 0                 1
     (MAXIMUM POSSIBLE FORTRAN RECORD SIZE =    65538 WORDS.)
     (MAXIMUM SIZE OF FORTRAN RECORDS WRITTEN =     3528 WORDS.)
     (NUMBER OF FORTRAN RECORDS WRITTEN =       24 RECORDS.)
     (TOTAL DATA WRITTEN FOR DATA BLOCK =     3709 WORDS.)
 *** USER INFORMATION MESSAGE 4114 (OUTPBN2)
     DATA BLOCK OUGV1    WRITTEN ON FORTRAN UNIT  12, TRL =
                    101                 0              3528                24                24                 0                 1
     (MAXIMUM POSSIBLE FORTRAN RECORD SIZE =    65538 WORDS.)
     (MAXIMUM SIZE OF FORTRAN RECORDS WRITTEN =     3528 WORDS.)
     (NUMBER OF FORTRAN RECORDS WRITTEN =       24 RECORDS.)
     (TOTAL DATA WRITTEN FOR DATA BLOCK =     3709 WORDS.)
1    SOL105                                                                FEBRUARY  24, 2024  SIMCENTER NASTRAN  3/12/20   PAGE     9
                                                                                                                                    
0                                                                                                                                   
1    SOL105                                                                FEBRUARY  24, 2024  SIMCENTER NASTRAN  3/12/20   PAGE    10
                                                                                                                                    
0                                                                                                                                   
 *** USER WARNING MESSAGE 6417 (SQD41)
     THE (BILIN) OPTION FOR STRESSES IS NOT AVAILABLE FOR NONLINEAR MATERIAL OR COMPOSITE ELEMENTS.
     USER INFORMATION: STRESS (CENTER) WILL BE APPLIED TO THOSE ELEMENTS.
     User information:
     CUBIC refers to corner output for element STRESS, STRAIN, and FORCE.
     Corner output is not available for nonlinear analysis, so only center
     stresses are computed for nonlinear CQUAD4 elements.
1    SOL105                                                                FEBRUARY  24, 2024  SIMCENTER NASTRAN  3/12/20   PAGE    11
                                                                                                                                    
0                                                                                                                                   
 *** USER INFORMATION MESSAGE 4114 (OUTPBN2)
     DATA BLOCK OES1C    WRITTEN ON FORTRAN UNIT  12, TRL =
                    101                 1                 1                 0                 0                 0                 0
     (MAXIMUM POSSIBLE FORTRAN RECORD SIZE =    65538 WORDS.)
     (MAXIMUM SIZE OF FORTRAN RECORDS WRITTEN =    17600 WORDS.)
     (NUMBER OF FORTRAN RECORDS WRITTEN =       24 RECORDS.)
     (TOTAL DATA WRITTEN FOR DATA BLOCK =    17781 WORDS.)
 *** SYSTEM INFORMATION MESSAGE 6916 (DFMSYN)
     DECOMP ORDERING METHOD CHOSEN: DEFAULT, ORDERING METHOD USED: MMD
 *** USER INFORMATION MESSAGE 5010 (LNCILS)
     STURM SEQUENCE DATA FOR EIGENVALUE EXTRACTION.
     TRIAL EIGENVALUE =  2.097316E+00, CYCLES =  2.304900E-01 NUMBER OF EIGENVALUES BELOW THIS VALUE =     0
     User information:
     This message is automatic output during eigenvalue extraction.  This
     can be used, along with the list of eigenvalues, to identify the modes
     found. See the NASTRAN Numerical Methods User's Guide.
 *** USER INFORMATION MESSAGE 5010 (LNCILS)
     STURM SEQUENCE DATA FOR EIGENVALUE EXTRACTION.
     TRIAL EIGENVALUE =  3.210164E+00, CYCLES =  2.851568E-01 NUMBER OF EIGENVALUES BELOW THIS VALUE =     1
     User information:
     This message is automatic output during eigenvalue extraction.  This
     can be used, along with the list of eigenvalues, to identify the modes
     found. See the NASTRAN Numerical Methods User's Guide.

 TABLE OF SHIFTS:  (LNNRIGL)
 SHIFT #        SHIFT VALUE         FREQUENCY, CYCLES     # EIGENVALUES BELOW    # NEW EIGENVALUES FOUND
     1.        2.0973164E+00          2.3049001E-01                 0                        1
     2.        3.2101637E+00          2.8515679E-01                 1                        0

1    SOL105                                                                FEBRUARY  24, 2024  SIMCENTER NASTRAN  3/12/20   PAGE    12
                                                                                                                                    
0                                                                                                            SUBCASE 2              
0


                          E I G E N V A L U E  A N A L Y S I S   S U M M A R Y   (READ MODULE) 



                                     BLOCK SIZE USED ......................    7

                                     NUMBER OF DECOMPOSITIONS .............    2

                                     NUMBER OF ROOTS FOUND ................    1

                                     NUMBER OF SOLVES REQUIRED ............    4

1    SOL105                                                                FEBRUARY  24, 2024  SIMCENTER NASTRAN  3/12/20   PAGE    13
                                                                                                                                    
0                                                                                                            SUBCASE 2              
 
                                              R E A L   E I G E N V A L U E S
   MODE    EXTRACTION      EIGENVALUE            RADIANS             CYCLES            GENERALIZED         GENERALIZED
    NO.       ORDER                                                                       MASS              STIFFNESS
        1         1        2.206997E+00        1.485596E+00        2.364400E-01        3.678355E+00        8.118117E+00
1    SOL105                                                                FEBRUARY  24, 2024  SIMCENTER NASTRAN  3/12/20   PAGE    14
                                                                                                                                    
0                                                                                                            SUBCASE 2              
 *** USER INFORMATION MESSAGE 4114 (OUTPBN2)
     DATA BLOCK OQG1     WRITTEN ON FORTRAN UNIT  12, TRL =
                    101                 0              3528                24                24                 0                 1
     (MAXIMUM POSSIBLE FORTRAN RECORD SIZE =    65538 WORDS.)
     (MAXIMUM SIZE OF FORTRAN RECORDS WRITTEN =     3528 WORDS.)
     (NUMBER OF FORTRAN RECORDS WRITTEN =       24 RECORDS.)
     (TOTAL DATA WRITTEN FOR DATA BLOCK =     3709 WORDS.)
 *** USER INFORMATION MESSAGE 4114 (OUTPBN2)
     DATA BLOCK LAMA     WRITTEN ON FORTRAN UNIT  12, TRL =
                    101                 1                 0                 0                 0                 0                 0
     (MAXIMUM POSSIBLE FORTRAN RECORD SIZE =    65538 WORDS.)
     (MAXIMUM SIZE OF FORTRAN RECORDS WRITTEN =      146 WORDS.)
     (NUMBER OF FORTRAN RECORDS WRITTEN =       24 RECORDS.)
     (TOTAL DATA WRITTEN FOR DATA BLOCK =      183 WORDS.)
 *** USER INFORMATION MESSAGE 4114 (OUTPBN2)
     DATA BLOCK OUGV1    WRITTEN ON FORTRAN UNIT  12, TRL =
                    101                 0              3528                24                24                 0                 1
     (MAXIMUM POSSIBLE FORTRAN RECORD SIZE =    65538 WORDS.)
     (MAXIMUM SIZE OF FORTRAN RECORDS WRITTEN =     3528 WORDS.)
     (NUMBER OF FORTRAN RECORDS WRITTEN =       24 RECORDS.)
     (TOTAL DATA WRITTEN FOR DATA BLOCK =     3709 WORDS.)
1    SOL105                                                                FEBRUARY  24, 2024  SIMCENTER NASTRAN  3/12/20   PAGE    15
                                                                                                                                    
0                                                                                                            SUBCASE 2              
1    SOL105                                                                FEBRUARY  24, 2024  SIMCENTER NASTRAN  3/12/20   PAGE    16
                                                                                                                                    
0                                                                                                            SUBCASE 2              
 *** USER INFORMATION MESSAGE 4110 (OUTPBN2)
                                 END-OF-DATA SIMULATION ON FORTRAN UNIT 12
                                 (MAXIMUM SIZE OF FORTRAN RECORDS WRITTEN =      1 WORDS.)
                                       (NUMBER OF FORTRAN RECORDS WRITTEN =      1 RECORDS.)
                                       (TOTAL DATA WRITTEN FOR EOF MARKER =      1 WORDS.)
1    SOL105                                                                FEBRUARY  24, 2024  SIMCENTER NASTRAN  3/12/20   PAGE    17
                                                                                                                                    
0                                                                                                            SUBCASE 2              
 * * * *  D B D I C T   P R I N T  * * * *      SUBDMAP = PRTSUM  ,  DMAP STATEMENT NO.     28



0                                   * * * *  A N A L Y S I S  S U M M A R Y  T A B L E  * * * *
0 SEID  PEID PROJ VERS APRCH      SEMG SEMR SEKR SELG SELR MODES DYNRED SOLLIN PVALID SOLNL LOOPID DESIGN CYCLE SENSITIVITY
 --------------------------------------------------------------------------------------------------------------------------
     0     0    1    1 '        '    T    T    T    T    T     T      F      T      0     F     -1            0           F
0SEID = SUPERELEMENT ID.
 PEID = PRIMARY SUPERELEMENT ID OF IMAGE SUPERELEMENT.
 PROJ = PROJECT ID NUMBER.
 VERS = VERSION ID.
 APRCH = BLANK FOR STRUCTURAL ANALYSIS.  HEAT FOR HEAT TRANSFER ANALYSIS.
 SEMG = STIFFNESS AND MASS MATRIX GENERATION STEP.
 SEMR = MASS MATRIX REDUCTION STEP (INCLUDES EIGENVALUE SOLUTION FOR MODES).
 SEKR = STIFFNESS MATRIX REDUCTION STEP.
 SELG = LOAD MATRIX GENERATION STEP.
 SELR = LOAD MATRIX REDUCTION STEP. 
 MODES = T (TRUE) IF NORMAL MODES OR BUCKLING MODES CALCULATED.
 DYNRED = T (TRUE) MEANS GENERALIZED DYNAMIC AND/OR COMPONENT MODE REDUCTION PERFORMED.
 SOLLIN = T (TRUE) IF LINEAR SOLUTION EXISTS IN DATABASE.
 PVALID = P-DISTRIBUTION ID OF P-VALUE FOR P-ELEMENTS
 LOOPID = THE LAST LOOPID VALUE USED IN THE NONLINEAR ANALYSIS.  USEFUL FOR RESTARTS.
 SOLNL = T (TRUE) IF NONLINEAR SOLUTION EXISTS IN DATABASE.
 DESIGN CYCLE = THE LAST DESIGN CYCLE (ONLY VALID IN OPTIMIZATION).
 SENSITIVITY = SENSITIVITY MATRIX GENERATION FLAG.
1                                        * * * END OF JOB * * *
 
 
